  B-000.cpp
  Behaviour.cpp
c:\users\mflouze\documents\uqat\prisme\protocol-bernardo\talkers\behaviours\message.hpp(13): warning C4099: 'Message': type name first seen using 'class' now seen using 'struct'
  c:\users\mflouze\documents\uqat\prisme\protocol-bernardo\talkers\behaviours\message.hpp(13): note: see declaration of 'Message'
c:\users\mflouze\documents\uqat\prisme\protocol-bernardo\talkers\behaviours\output.hpp(19): warning C4099: 'Output': type name first seen using 'class' now seen using 'struct'
  c:\users\mflouze\documents\uqat\prisme\protocol-bernardo\talkers\behaviours\output.hpp(19): note: see declaration of 'Output'
  getBehaviour.cpp
  getOutput.cpp
c:\users\mflouze\documents\uqat\prisme\protocol-bernardo\talkers\behaviours\output.hpp(17): warning C4099: 'Message': type name first seen using 'class' now seen using 'struct'
  c:\users\mflouze\documents\uqat\prisme\protocol-bernardo\talkers\behaviours\behaviour.hpp(18): note: see declaration of 'Message'
c:\users\mflouze\documents\uqat\prisme\protocol-bernardo\talkers\behaviours\output.hpp(19): warning C4099: 'Output': type name first seen using 'class' now seen using 'struct'
  c:\users\mflouze\documents\uqat\prisme\protocol-bernardo\talkers\behaviours\output.hpp(19): note: see declaration of 'Output'
  Output.cpp
c:\users\mflouze\documents\uqat\prisme\protocol-bernardo\talkers\behaviours\output.hpp(17): warning C4099: 'Message': type name first seen using 'class' now seen using 'struct'
  c:\users\mflouze\documents\uqat\prisme\protocol-bernardo\talkers\behaviours\behaviour.hpp(18): note: see declaration of 'Message'
c:\users\mflouze\documents\uqat\prisme\protocol-bernardo\talkers\behaviours\output.hpp(19): warning C4099: 'Output': type name first seen using 'class' now seen using 'struct'
  c:\users\mflouze\documents\uqat\prisme\protocol-bernardo\talkers\behaviours\output.hpp(19): note: see declaration of 'Output'
c:\users\mflouze\documents\uqat\prisme\protocol-bernardo\talkers\behaviours\message.hpp(13): warning C4099: 'Message': type name first seen using 'class' now seen using 'struct'
  c:\users\mflouze\documents\uqat\prisme\protocol-bernardo\talkers\behaviours\message.hpp(13): note: see declaration of 'Message'
  Core.cpp
c:\users\mflouze\documents\uqat\prisme\protocol-bernardo\talkers\behaviours\message.hpp(13): warning C4099: 'Message': type name first seen using 'class' now seen using 'struct'
  c:\users\mflouze\documents\uqat\prisme\protocol-bernardo\talkers\behaviours\message.hpp(13): note: see declaration of 'Message'
  Machine.cpp
c:\users\mflouze\documents\uqat\prisme\protocol-bernardo\talkers\behaviours\output.hpp(17): warning C4099: 'Message': type name first seen using 'class' now seen using 'struct'
  c:\users\mflouze\documents\uqat\prisme\protocol-bernardo\talkers\behaviours\behaviour.hpp(18): note: see declaration of 'Message'
c:\users\mflouze\documents\uqat\prisme\protocol-bernardo\talkers\behaviours\output.hpp(19): warning C4099: 'Output': type name first seen using 'class' now seen using 'struct'
  c:\users\mflouze\documents\uqat\prisme\protocol-bernardo\talkers\behaviours\output.hpp(19): note: see declaration of 'Output'
c:\users\mflouze\documents\uqat\prisme\protocol-bernardo\talkers\behaviours\message.hpp(13): warning C4099: 'Message': type name first seen using 'class' now seen using 'struct'
  c:\users\mflouze\documents\uqat\prisme\protocol-bernardo\talkers\behaviours\message.hpp(13): note: see declaration of 'Message'
  main.cpp
  Generating Code...
c:\users\mflouze\documents\uqat\prisme\protocol-bernardo\talkers\utils\statevalue.hpp(81): warning C4715: 'StateValue::asString': not all control paths return a value
  Talkers.vcxproj -> C:\Users\mflouze\Documents\UQAT\PRISME\Protocol-Bernardo\Talkers\Debug\Talkers.exe
