c:\users\mflouze\documents\uqat\prisme\protocol-bernardo\talkers\debug\vc141.pdb
c:\users\mflouze\documents\uqat\prisme\protocol-bernardo\talkers\debug\main.obj
c:\users\mflouze\documents\uqat\prisme\protocol-bernardo\talkers\debug\machine.obj
c:\users\mflouze\documents\uqat\prisme\protocol-bernardo\talkers\debug\core.obj
c:\users\mflouze\documents\uqat\prisme\protocol-bernardo\talkers\debug\output.obj
c:\users\mflouze\documents\uqat\prisme\protocol-bernardo\talkers\debug\getoutput.obj
c:\users\mflouze\documents\uqat\prisme\protocol-bernardo\talkers\debug\getbehaviour.obj
c:\users\mflouze\documents\uqat\prisme\protocol-bernardo\talkers\debug\behaviour.obj
c:\users\mflouze\documents\uqat\prisme\protocol-bernardo\talkers\debug\b-000.obj
c:\users\mflouze\documents\uqat\prisme\protocol-bernardo\talkers\debug\talkers.pdb
c:\users\mflouze\documents\uqat\prisme\protocol-bernardo\talkers\debug\talkers.tlog\cl.command.1.tlog
c:\users\mflouze\documents\uqat\prisme\protocol-bernardo\talkers\debug\talkers.tlog\cl.read.1.tlog
c:\users\mflouze\documents\uqat\prisme\protocol-bernardo\talkers\debug\talkers.tlog\cl.write.1.tlog
c:\users\mflouze\documents\uqat\prisme\protocol-bernardo\talkers\debug\talkers.tlog\link-cvtres.read.1.tlog
c:\users\mflouze\documents\uqat\prisme\protocol-bernardo\talkers\debug\talkers.tlog\link-cvtres.write.1.tlog
c:\users\mflouze\documents\uqat\prisme\protocol-bernardo\talkers\debug\talkers.tlog\link-rc.read.1.tlog
c:\users\mflouze\documents\uqat\prisme\protocol-bernardo\talkers\debug\talkers.tlog\link-rc.write.1.tlog
c:\users\mflouze\documents\uqat\prisme\protocol-bernardo\talkers\debug\talkers.tlog\link.command.1.tlog
c:\users\mflouze\documents\uqat\prisme\protocol-bernardo\talkers\debug\talkers.tlog\link.read.1.tlog
c:\users\mflouze\documents\uqat\prisme\protocol-bernardo\talkers\debug\talkers.tlog\link.write.1.tlog
